<?xml version="1.0" encoding="UTF-8"?>
<!-- Generated by org.testng.reporters.JUnitReportReporter -->
<testsuite skipped="0" hostname="SHIVAKRISHNA" name="com.example.test.testdemo" tests="1" failures="0" timestamp="20 Apr 2020 05:35:09 GMT" time="34.893" errors="0">
  <testcase name="test" time="34.893" classname="com.example.test.testdemo"/>
</testsuite> <!-- com.example.test.testdemo -->
