<?xml version="1.0" encoding="UTF-8"?>
<!-- Generated by org.testng.reporters.JUnitReportReporter -->
<testsuite skipped="0" hostname="SHIVAKRISHNA" name="testdemo" tests="1" failures="0" timestamp="20 Apr 2020 05:27:37 GMT" time="0.027" errors="0">
  <testcase name="test" time="0.027" classname="testdemo"/>
</testsuite> <!-- testdemo -->
